<?xml version="1.0" encoding="UTF-8"?>
<testsuite xmlns:xsi="http://www.w3.org/2001/XMLSchema-instance" xsi:noNamespaceSchemaLocation="https://maven.apache.org/surefire/maven-surefire-plugin/xsd/surefire-test-report.xsd" name="com.registro.vacinacao.VacinaControllerTest" time="13.466" tests="3" errors="0" skipped="0" failures="0">
  <properties>
    <property name="java.specification.version" value="17"/>
    <property name="sun.jnu.encoding" value="UTF-8"/>
    <property name="java.class.path" value="/home/thiago/Documentos/projeto-api-vacina/apiRegistroVacinacao/target/test-classes:/home/thiago/Documentos/projeto-api-vacina/apiRegistroVacinacao/target/classes:/home/thiago/.m2/repository/org/springframework/boot/spring-boot-starter-data-mongodb/2.7.16/spring-boot-starter-data-mongodb-2.7.16.jar:/home/thiago/.m2/repository/org/mongodb/mongodb-driver-sync/4.6.1/mongodb-driver-sync-4.6.1.jar:/home/thiago/.m2/repository/org/mongodb/bson/4.6.1/bson-4.6.1.jar:/home/thiago/.m2/repository/org/mongodb/mongodb-driver-core/4.6.1/mongodb-driver-core-4.6.1.jar:/home/thiago/.m2/repository/org/mongodb/bson-record-codec/4.6.1/bson-record-codec-4.6.1.jar:/home/thiago/.m2/repository/org/springframework/data/spring-data-mongodb/3.4.16/spring-data-mongodb-3.4.16.jar:/home/thiago/.m2/repository/org/springframework/spring-tx/5.3.30/spring-tx-5.3.30.jar:/home/thiago/.m2/repository/org/springframework/spring-context/5.3.30/spring-context-5.3.30.jar:/home/thiago/.m2/repository/org/springframework/spring-beans/5.3.30/spring-beans-5.3.30.jar:/home/thiago/.m2/repository/org/springframework/spring-expression/5.3.30/spring-expression-5.3.30.jar:/home/thiago/.m2/repository/org/springframework/data/spring-data-commons/2.7.16/spring-data-commons-2.7.16.jar:/home/thiago/.m2/repository/org/slf4j/slf4j-api/1.7.36/slf4j-api-1.7.36.jar:/home/thiago/.m2/repository/org/springframework/boot/spring-boot-starter-validation/2.7.16/spring-boot-starter-validation-2.7.16.jar:/home/thiago/.m2/repository/org/apache/tomcat/embed/tomcat-embed-el/9.0.80/tomcat-embed-el-9.0.80.jar:/home/thiago/.m2/repository/org/hibernate/validator/hibernate-validator/6.2.5.Final/hibernate-validator-6.2.5.Final.jar:/home/thiago/.m2/repository/jakarta/validation/jakarta.validation-api/2.0.2/jakarta.validation-api-2.0.2.jar:/home/thiago/.m2/repository/org/jboss/logging/jboss-logging/3.4.3.Final/jboss-logging-3.4.3.Final.jar:/home/thiago/.m2/repository/com/fasterxml/classmate/1.5.1/classmate-1.5.1.jar:/home/thiago/.m2/repository/org/springframework/boot/spring-boot-starter-web/2.7.16/spring-boot-starter-web-2.7.16.jar:/home/thiago/.m2/repository/org/springframework/boot/spring-boot-starter-json/2.7.16/spring-boot-starter-json-2.7.16.jar:/home/thiago/.m2/repository/com/fasterxml/jackson/core/jackson-databind/2.13.5/jackson-databind-2.13.5.jar:/home/thiago/.m2/repository/com/fasterxml/jackson/core/jackson-annotations/2.13.5/jackson-annotations-2.13.5.jar:/home/thiago/.m2/repository/com/fasterxml/jackson/core/jackson-core/2.13.5/jackson-core-2.13.5.jar:/home/thiago/.m2/repository/com/fasterxml/jackson/datatype/jackson-datatype-jdk8/2.13.5/jackson-datatype-jdk8-2.13.5.jar:/home/thiago/.m2/repository/com/fasterxml/jackson/datatype/jackson-datatype-jsr310/2.13.5/jackson-datatype-jsr310-2.13.5.jar:/home/thiago/.m2/repository/com/fasterxml/jackson/module/jackson-module-parameter-names/2.13.5/jackson-module-parameter-names-2.13.5.jar:/home/thiago/.m2/repository/org/springframework/boot/spring-boot-starter-tomcat/2.7.16/spring-boot-starter-tomcat-2.7.16.jar:/home/thiago/.m2/repository/org/apache/tomcat/embed/tomcat-embed-core/9.0.80/tomcat-embed-core-9.0.80.jar:/home/thiago/.m2/repository/org/apache/tomcat/embed/tomcat-embed-websocket/9.0.80/tomcat-embed-websocket-9.0.80.jar:/home/thiago/.m2/repository/org/springframework/spring-web/5.3.30/spring-web-5.3.30.jar:/home/thiago/.m2/repository/org/springframework/spring-webmvc/5.3.30/spring-webmvc-5.3.30.jar:/home/thiago/.m2/repository/org/springframework/spring-aop/5.3.30/spring-aop-5.3.30.jar:/home/thiago/.m2/repository/org/springframework/cloud/spring-cloud-starter-openfeign/3.1.8/spring-cloud-starter-openfeign-3.1.8.jar:/home/thiago/.m2/repository/org/springframework/cloud/spring-cloud-starter/3.1.7/spring-cloud-starter-3.1.7.jar:/home/thiago/.m2/repository/org/springframework/cloud/spring-cloud-context/3.1.7/spring-cloud-context-3.1.7.jar:/home/thiago/.m2/repository/org/springframework/security/spring-security-rsa/1.0.11.RELEASE/spring-security-rsa-1.0.11.RELEASE.jar:/home/thiago/.m2/repository/org/bouncycastle/bcpkix-jdk15on/1.69/bcpkix-jdk15on-1.69.jar:/home/thiago/.m2/repository/org/bouncycastle/bcprov-jdk15on/1.69/bcprov-jdk15on-1.69.jar:/home/thiago/.m2/repository/org/bouncycastle/bcutil-jdk15on/1.69/bcutil-jdk15on-1.69.jar:/home/thiago/.m2/repository/org/springframework/cloud/spring-cloud-openfeign-core/3.1.8/spring-cloud-openfeign-core-3.1.8.jar:/home/thiago/.m2/repository/org/springframework/boot/spring-boot-starter-aop/2.7.16/spring-boot-starter-aop-2.7.16.jar:/home/thiago/.m2/repository/org/aspectj/aspectjweaver/1.9.7/aspectjweaver-1.9.7.jar:/home/thiago/.m2/repository/io/github/openfeign/form/feign-form-spring/3.8.0/feign-form-spring-3.8.0.jar:/home/thiago/.m2/repository/io/github/openfeign/form/feign-form/3.8.0/feign-form-3.8.0.jar:/home/thiago/.m2/repository/commons-fileupload/commons-fileupload/1.5/commons-fileupload-1.5.jar:/home/thiago/.m2/repository/commons-io/commons-io/2.11.0/commons-io-2.11.0.jar:/home/thiago/.m2/repository/org/springframework/cloud/spring-cloud-commons/3.1.7/spring-cloud-commons-3.1.7.jar:/home/thiago/.m2/repository/org/springframework/security/spring-security-crypto/5.7.11/spring-security-crypto-5.7.11.jar:/home/thiago/.m2/repository/io/github/openfeign/feign-core/11.10/feign-core-11.10.jar:/home/thiago/.m2/repository/io/github/openfeign/feign-slf4j/11.10/feign-slf4j-11.10.jar:/home/thiago/.m2/repository/org/projectlombok/lombok/1.18.30/lombok-1.18.30.jar:/home/thiago/.m2/repository/org/springframework/boot/spring-boot-starter-test/2.7.16/spring-boot-starter-test-2.7.16.jar:/home/thiago/.m2/repository/org/springframework/boot/spring-boot-test/2.7.16/spring-boot-test-2.7.16.jar:/home/thiago/.m2/repository/org/springframework/boot/spring-boot-test-autoconfigure/2.7.16/spring-boot-test-autoconfigure-2.7.16.jar:/home/thiago/.m2/repository/com/jayway/jsonpath/json-path/2.7.0/json-path-2.7.0.jar:/home/thiago/.m2/repository/net/minidev/json-smart/2.4.11/json-smart-2.4.11.jar:/home/thiago/.m2/repository/net/minidev/accessors-smart/2.4.11/accessors-smart-2.4.11.jar:/home/thiago/.m2/repository/org/ow2/asm/asm/9.3/asm-9.3.jar:/home/thiago/.m2/repository/jakarta/xml/bind/jakarta.xml.bind-api/2.3.3/jakarta.xml.bind-api-2.3.3.jar:/home/thiago/.m2/repository/jakarta/activation/jakarta.activation-api/1.2.2/jakarta.activation-api-1.2.2.jar:/home/thiago/.m2/repository/org/assertj/assertj-core/3.22.0/assertj-core-3.22.0.jar:/home/thiago/.m2/repository/org/hamcrest/hamcrest/2.2/hamcrest-2.2.jar:/home/thiago/.m2/repository/org/junit/jupiter/junit-jupiter/5.8.2/junit-jupiter-5.8.2.jar:/home/thiago/.m2/repository/org/junit/jupiter/junit-jupiter-api/5.8.2/junit-jupiter-api-5.8.2.jar:/home/thiago/.m2/repository/org/opentest4j/opentest4j/1.2.0/opentest4j-1.2.0.jar:/home/thiago/.m2/repository/org/junit/platform/junit-platform-commons/1.8.2/junit-platform-commons-1.8.2.jar:/home/thiago/.m2/repository/org/apiguardian/apiguardian-api/1.1.2/apiguardian-api-1.1.2.jar:/home/thiago/.m2/repository/org/junit/jupiter/junit-jupiter-params/5.8.2/junit-jupiter-params-5.8.2.jar:/home/thiago/.m2/repository/org/junit/jupiter/junit-jupiter-engine/5.8.2/junit-jupiter-engine-5.8.2.jar:/home/thiago/.m2/repository/org/junit/platform/junit-platform-engine/1.8.2/junit-platform-engine-1.8.2.jar:/home/thiago/.m2/repository/org/mockito/mockito-core/4.5.1/mockito-core-4.5.1.jar:/home/thiago/.m2/repository/net/bytebuddy/byte-buddy/1.12.23/byte-buddy-1.12.23.jar:/home/thiago/.m2/repository/net/bytebuddy/byte-buddy-agent/1.12.23/byte-buddy-agent-1.12.23.jar:/home/thiago/.m2/repository/org/objenesis/objenesis/3.2/objenesis-3.2.jar:/home/thiago/.m2/repository/org/mockito/mockito-junit-jupiter/4.5.1/mockito-junit-jupiter-4.5.1.jar:/home/thiago/.m2/repository/org/skyscreamer/jsonassert/1.5.1/jsonassert-1.5.1.jar:/home/thiago/.m2/repository/com/vaadin/external/google/android-json/0.0.20131108.vaadin1/android-json-0.0.20131108.vaadin1.jar:/home/thiago/.m2/repository/org/springframework/spring-core/5.3.30/spring-core-5.3.30.jar:/home/thiago/.m2/repository/org/springframework/spring-jcl/5.3.30/spring-jcl-5.3.30.jar:/home/thiago/.m2/repository/org/springframework/spring-test/5.3.30/spring-test-5.3.30.jar:/home/thiago/.m2/repository/org/xmlunit/xmlunit-core/2.9.1/xmlunit-core-2.9.1.jar:/home/thiago/.m2/repository/org/springframework/boot/spring-boot-starter/2.7.16/spring-boot-starter-2.7.16.jar:/home/thiago/.m2/repository/org/springframework/boot/spring-boot/2.7.16/spring-boot-2.7.16.jar:/home/thiago/.m2/repository/org/springframework/boot/spring-boot-autoconfigure/2.7.16/spring-boot-autoconfigure-2.7.16.jar:/home/thiago/.m2/repository/org/springframework/boot/spring-boot-starter-logging/2.7.16/spring-boot-starter-logging-2.7.16.jar:/home/thiago/.m2/repository/ch/qos/logback/logback-classic/1.2.12/logback-classic-1.2.12.jar:/home/thiago/.m2/repository/ch/qos/logback/logback-core/1.2.12/logback-core-1.2.12.jar:/home/thiago/.m2/repository/org/apache/logging/log4j/log4j-to-slf4j/2.17.2/log4j-to-slf4j-2.17.2.jar:/home/thiago/.m2/repository/org/apache/logging/log4j/log4j-api/2.17.2/log4j-api-2.17.2.jar:/home/thiago/.m2/repository/org/slf4j/jul-to-slf4j/1.7.36/jul-to-slf4j-1.7.36.jar:/home/thiago/.m2/repository/jakarta/annotation/jakarta.annotation-api/1.3.5/jakarta.annotation-api-1.3.5.jar:/home/thiago/.m2/repository/org/yaml/snakeyaml/1.30/snakeyaml-1.30.jar:/home/thiago/.m2/repository/org/jetbrains/annotations/24.0.1/annotations-24.0.1.jar:/home/thiago/.m2/repository/org/apache/velocity/velocity/1.7/velocity-1.7.jar:/home/thiago/.m2/repository/commons-collections/commons-collections/3.2.1/commons-collections-3.2.1.jar:/home/thiago/.m2/repository/commons-lang/commons-lang/2.4/commons-lang-2.4.jar:"/>
    <property name="java.vm.vendor" value="Private Build"/>
    <property name="sun.arch.data.model" value="64"/>
    <property name="java.vendor.url" value="Unknown"/>
    <property name="os.name" value="Linux"/>
    <property name="java.vm.specification.version" value="17"/>
    <property name="sun.java.launcher" value="SUN_STANDARD"/>
    <property name="user.country" value="BR"/>
    <property name="sun.boot.library.path" value="/usr/lib/jvm/java-17-openjdk-amd64/lib"/>
    <property name="sun.java.command" value="/home/thiago/Documentos/projeto-api-vacina/apiRegistroVacinacao/target/surefire/surefirebooter16454291788254486944.jar /home/thiago/Documentos/projeto-api-vacina/apiRegistroVacinacao/target/surefire 2023-11-18T22-41-32_028-jvmRun1 surefire4412445088295766069tmp surefire_05263512100248023019tmp"/>
    <property name="jdk.debug" value="release"/>
    <property name="surefire.test.class.path" value="/home/thiago/Documentos/projeto-api-vacina/apiRegistroVacinacao/target/test-classes:/home/thiago/Documentos/projeto-api-vacina/apiRegistroVacinacao/target/classes:/home/thiago/.m2/repository/org/springframework/boot/spring-boot-starter-data-mongodb/2.7.16/spring-boot-starter-data-mongodb-2.7.16.jar:/home/thiago/.m2/repository/org/mongodb/mongodb-driver-sync/4.6.1/mongodb-driver-sync-4.6.1.jar:/home/thiago/.m2/repository/org/mongodb/bson/4.6.1/bson-4.6.1.jar:/home/thiago/.m2/repository/org/mongodb/mongodb-driver-core/4.6.1/mongodb-driver-core-4.6.1.jar:/home/thiago/.m2/repository/org/mongodb/bson-record-codec/4.6.1/bson-record-codec-4.6.1.jar:/home/thiago/.m2/repository/org/springframework/data/spring-data-mongodb/3.4.16/spring-data-mongodb-3.4.16.jar:/home/thiago/.m2/repository/org/springframework/spring-tx/5.3.30/spring-tx-5.3.30.jar:/home/thiago/.m2/repository/org/springframework/spring-context/5.3.30/spring-context-5.3.30.jar:/home/thiago/.m2/repository/org/springframework/spring-beans/5.3.30/spring-beans-5.3.30.jar:/home/thiago/.m2/repository/org/springframework/spring-expression/5.3.30/spring-expression-5.3.30.jar:/home/thiago/.m2/repository/org/springframework/data/spring-data-commons/2.7.16/spring-data-commons-2.7.16.jar:/home/thiago/.m2/repository/org/slf4j/slf4j-api/1.7.36/slf4j-api-1.7.36.jar:/home/thiago/.m2/repository/org/springframework/boot/spring-boot-starter-validation/2.7.16/spring-boot-starter-validation-2.7.16.jar:/home/thiago/.m2/repository/org/apache/tomcat/embed/tomcat-embed-el/9.0.80/tomcat-embed-el-9.0.80.jar:/home/thiago/.m2/repository/org/hibernate/validator/hibernate-validator/6.2.5.Final/hibernate-validator-6.2.5.Final.jar:/home/thiago/.m2/repository/jakarta/validation/jakarta.validation-api/2.0.2/jakarta.validation-api-2.0.2.jar:/home/thiago/.m2/repository/org/jboss/logging/jboss-logging/3.4.3.Final/jboss-logging-3.4.3.Final.jar:/home/thiago/.m2/repository/com/fasterxml/classmate/1.5.1/classmate-1.5.1.jar:/home/thiago/.m2/repository/org/springframework/boot/spring-boot-starter-web/2.7.16/spring-boot-starter-web-2.7.16.jar:/home/thiago/.m2/repository/org/springframework/boot/spring-boot-starter-json/2.7.16/spring-boot-starter-json-2.7.16.jar:/home/thiago/.m2/repository/com/fasterxml/jackson/core/jackson-databind/2.13.5/jackson-databind-2.13.5.jar:/home/thiago/.m2/repository/com/fasterxml/jackson/core/jackson-annotations/2.13.5/jackson-annotations-2.13.5.jar:/home/thiago/.m2/repository/com/fasterxml/jackson/core/jackson-core/2.13.5/jackson-core-2.13.5.jar:/home/thiago/.m2/repository/com/fasterxml/jackson/datatype/jackson-datatype-jdk8/2.13.5/jackson-datatype-jdk8-2.13.5.jar:/home/thiago/.m2/repository/com/fasterxml/jackson/datatype/jackson-datatype-jsr310/2.13.5/jackson-datatype-jsr310-2.13.5.jar:/home/thiago/.m2/repository/com/fasterxml/jackson/module/jackson-module-parameter-names/2.13.5/jackson-module-parameter-names-2.13.5.jar:/home/thiago/.m2/repository/org/springframework/boot/spring-boot-starter-tomcat/2.7.16/spring-boot-starter-tomcat-2.7.16.jar:/home/thiago/.m2/repository/org/apache/tomcat/embed/tomcat-embed-core/9.0.80/tomcat-embed-core-9.0.80.jar:/home/thiago/.m2/repository/org/apache/tomcat/embed/tomcat-embed-websocket/9.0.80/tomcat-embed-websocket-9.0.80.jar:/home/thiago/.m2/repository/org/springframework/spring-web/5.3.30/spring-web-5.3.30.jar:/home/thiago/.m2/repository/org/springframework/spring-webmvc/5.3.30/spring-webmvc-5.3.30.jar:/home/thiago/.m2/repository/org/springframework/spring-aop/5.3.30/spring-aop-5.3.30.jar:/home/thiago/.m2/repository/org/springframework/cloud/spring-cloud-starter-openfeign/3.1.8/spring-cloud-starter-openfeign-3.1.8.jar:/home/thiago/.m2/repository/org/springframework/cloud/spring-cloud-starter/3.1.7/spring-cloud-starter-3.1.7.jar:/home/thiago/.m2/repository/org/springframework/cloud/spring-cloud-context/3.1.7/spring-cloud-context-3.1.7.jar:/home/thiago/.m2/repository/org/springframework/security/spring-security-rsa/1.0.11.RELEASE/spring-security-rsa-1.0.11.RELEASE.jar:/home/thiago/.m2/repository/org/bouncycastle/bcpkix-jdk15on/1.69/bcpkix-jdk15on-1.69.jar:/home/thiago/.m2/repository/org/bouncycastle/bcprov-jdk15on/1.69/bcprov-jdk15on-1.69.jar:/home/thiago/.m2/repository/org/bouncycastle/bcutil-jdk15on/1.69/bcutil-jdk15on-1.69.jar:/home/thiago/.m2/repository/org/springframework/cloud/spring-cloud-openfeign-core/3.1.8/spring-cloud-openfeign-core-3.1.8.jar:/home/thiago/.m2/repository/org/springframework/boot/spring-boot-starter-aop/2.7.16/spring-boot-starter-aop-2.7.16.jar:/home/thiago/.m2/repository/org/aspectj/aspectjweaver/1.9.7/aspectjweaver-1.9.7.jar:/home/thiago/.m2/repository/io/github/openfeign/form/feign-form-spring/3.8.0/feign-form-spring-3.8.0.jar:/home/thiago/.m2/repository/io/github/openfeign/form/feign-form/3.8.0/feign-form-3.8.0.jar:/home/thiago/.m2/repository/commons-fileupload/commons-fileupload/1.5/commons-fileupload-1.5.jar:/home/thiago/.m2/repository/commons-io/commons-io/2.11.0/commons-io-2.11.0.jar:/home/thiago/.m2/repository/org/springframework/cloud/spring-cloud-commons/3.1.7/spring-cloud-commons-3.1.7.jar:/home/thiago/.m2/repository/org/springframework/security/spring-security-crypto/5.7.11/spring-security-crypto-5.7.11.jar:/home/thiago/.m2/repository/io/github/openfeign/feign-core/11.10/feign-core-11.10.jar:/home/thiago/.m2/repository/io/github/openfeign/feign-slf4j/11.10/feign-slf4j-11.10.jar:/home/thiago/.m2/repository/org/projectlombok/lombok/1.18.30/lombok-1.18.30.jar:/home/thiago/.m2/repository/org/springframework/boot/spring-boot-starter-test/2.7.16/spring-boot-starter-test-2.7.16.jar:/home/thiago/.m2/repository/org/springframework/boot/spring-boot-test/2.7.16/spring-boot-test-2.7.16.jar:/home/thiago/.m2/repository/org/springframework/boot/spring-boot-test-autoconfigure/2.7.16/spring-boot-test-autoconfigure-2.7.16.jar:/home/thiago/.m2/repository/com/jayway/jsonpath/json-path/2.7.0/json-path-2.7.0.jar:/home/thiago/.m2/repository/net/minidev/json-smart/2.4.11/json-smart-2.4.11.jar:/home/thiago/.m2/repository/net/minidev/accessors-smart/2.4.11/accessors-smart-2.4.11.jar:/home/thiago/.m2/repository/org/ow2/asm/asm/9.3/asm-9.3.jar:/home/thiago/.m2/repository/jakarta/xml/bind/jakarta.xml.bind-api/2.3.3/jakarta.xml.bind-api-2.3.3.jar:/home/thiago/.m2/repository/jakarta/activation/jakarta.activation-api/1.2.2/jakarta.activation-api-1.2.2.jar:/home/thiago/.m2/repository/org/assertj/assertj-core/3.22.0/assertj-core-3.22.0.jar:/home/thiago/.m2/repository/org/hamcrest/hamcrest/2.2/hamcrest-2.2.jar:/home/thiago/.m2/repository/org/junit/jupiter/junit-jupiter/5.8.2/junit-jupiter-5.8.2.jar:/home/thiago/.m2/repository/org/junit/jupiter/junit-jupiter-api/5.8.2/junit-jupiter-api-5.8.2.jar:/home/thiago/.m2/repository/org/opentest4j/opentest4j/1.2.0/opentest4j-1.2.0.jar:/home/thiago/.m2/repository/org/junit/platform/junit-platform-commons/1.8.2/junit-platform-commons-1.8.2.jar:/home/thiago/.m2/repository/org/apiguardian/apiguardian-api/1.1.2/apiguardian-api-1.1.2.jar:/home/thiago/.m2/repository/org/junit/jupiter/junit-jupiter-params/5.8.2/junit-jupiter-params-5.8.2.jar:/home/thiago/.m2/repository/org/junit/jupiter/junit-jupiter-engine/5.8.2/junit-jupiter-engine-5.8.2.jar:/home/thiago/.m2/repository/org/junit/platform/junit-platform-engine/1.8.2/junit-platform-engine-1.8.2.jar:/home/thiago/.m2/repository/org/mockito/mockito-core/4.5.1/mockito-core-4.5.1.jar:/home/thiago/.m2/repository/net/bytebuddy/byte-buddy/1.12.23/byte-buddy-1.12.23.jar:/home/thiago/.m2/repository/net/bytebuddy/byte-buddy-agent/1.12.23/byte-buddy-agent-1.12.23.jar:/home/thiago/.m2/repository/org/objenesis/objenesis/3.2/objenesis-3.2.jar:/home/thiago/.m2/repository/org/mockito/mockito-junit-jupiter/4.5.1/mockito-junit-jupiter-4.5.1.jar:/home/thiago/.m2/repository/org/skyscreamer/jsonassert/1.5.1/jsonassert-1.5.1.jar:/home/thiago/.m2/repository/com/vaadin/external/google/android-json/0.0.20131108.vaadin1/android-json-0.0.20131108.vaadin1.jar:/home/thiago/.m2/repository/org/springframework/spring-core/5.3.30/spring-core-5.3.30.jar:/home/thiago/.m2/repository/org/springframework/spring-jcl/5.3.30/spring-jcl-5.3.30.jar:/home/thiago/.m2/repository/org/springframework/spring-test/5.3.30/spring-test-5.3.30.jar:/home/thiago/.m2/repository/org/xmlunit/xmlunit-core/2.9.1/xmlunit-core-2.9.1.jar:/home/thiago/.m2/repository/org/springframework/boot/spring-boot-starter/2.7.16/spring-boot-starter-2.7.16.jar:/home/thiago/.m2/repository/org/springframework/boot/spring-boot/2.7.16/spring-boot-2.7.16.jar:/home/thiago/.m2/repository/org/springframework/boot/spring-boot-autoconfigure/2.7.16/spring-boot-autoconfigure-2.7.16.jar:/home/thiago/.m2/repository/org/springframework/boot/spring-boot-starter-logging/2.7.16/spring-boot-starter-logging-2.7.16.jar:/home/thiago/.m2/repository/ch/qos/logback/logback-classic/1.2.12/logback-classic-1.2.12.jar:/home/thiago/.m2/repository/ch/qos/logback/logback-core/1.2.12/logback-core-1.2.12.jar:/home/thiago/.m2/repository/org/apache/logging/log4j/log4j-to-slf4j/2.17.2/log4j-to-slf4j-2.17.2.jar:/home/thiago/.m2/repository/org/apache/logging/log4j/log4j-api/2.17.2/log4j-api-2.17.2.jar:/home/thiago/.m2/repository/org/slf4j/jul-to-slf4j/1.7.36/jul-to-slf4j-1.7.36.jar:/home/thiago/.m2/repository/jakarta/annotation/jakarta.annotation-api/1.3.5/jakarta.annotation-api-1.3.5.jar:/home/thiago/.m2/repository/org/yaml/snakeyaml/1.30/snakeyaml-1.30.jar:/home/thiago/.m2/repository/org/jetbrains/annotations/24.0.1/annotations-24.0.1.jar:/home/thiago/.m2/repository/org/apache/velocity/velocity/1.7/velocity-1.7.jar:/home/thiago/.m2/repository/commons-collections/commons-collections/3.2.1/commons-collections-3.2.1.jar:/home/thiago/.m2/repository/commons-lang/commons-lang/2.4/commons-lang-2.4.jar:"/>
    <property name="sun.cpu.endian" value="little"/>
    <property name="user.home" value="/home/thiago"/>
    <property name="user.language" value="pt"/>
    <property name="java.specification.vendor" value="Oracle Corporation"/>
    <property name="java.version.date" value="2023-08-24"/>
    <property name="java.home" value="/usr/lib/jvm/java-17-openjdk-amd64"/>
    <property name="file.separator" value="/"/>
    <property name="basedir" value="/home/thiago/Documentos/projeto-api-vacina/apiRegistroVacinacao"/>
    <property name="java.vm.compressedOopsMode" value="32-bit"/>
    <property name="line.separator" value="&#10;"/>
    <property name="java.vm.specification.vendor" value="Oracle Corporation"/>
    <property name="java.specification.name" value="Java Platform API Specification"/>
    <property name="surefire.real.class.path" value="/home/thiago/Documentos/projeto-api-vacina/apiRegistroVacinacao/target/surefire/surefirebooter16454291788254486944.jar"/>
    <property name="sun.management.compiler" value="HotSpot 64-Bit Tiered Compilers"/>
    <property name="java.runtime.version" value="17.0.8.1+1-Ubuntu-0ubuntu122.04"/>
    <property name="user.name" value="thiago"/>
    <property name="path.separator" value=":"/>
    <property name="os.version" value="6.2.0-36-generic"/>
    <property name="java.runtime.name" value="OpenJDK Runtime Environment"/>
    <property name="file.encoding" value="UTF-8"/>
    <property name="java.vm.name" value="OpenJDK 64-Bit Server VM"/>
    <property name="localRepository" value="/home/thiago/.m2/repository"/>
    <property name="java.vendor.url.bug" value="Unknown"/>
    <property name="java.io.tmpdir" value="/tmp"/>
    <property name="java.version" value="17.0.8.1"/>
    <property name="user.dir" value="/home/thiago/Documentos/projeto-api-vacina/apiRegistroVacinacao"/>
    <property name="os.arch" value="amd64"/>
    <property name="java.vm.specification.name" value="Java Virtual Machine Specification"/>
    <property name="native.encoding" value="UTF-8"/>
    <property name="java.library.path" value="/usr/java/packages/lib:/usr/lib/x86_64-linux-gnu/jni:/lib/x86_64-linux-gnu:/usr/lib/x86_64-linux-gnu:/usr/lib/jni:/lib:/usr/lib"/>
    <property name="java.vm.info" value="mixed mode, sharing"/>
    <property name="java.vendor" value="Private Build"/>
    <property name="java.vm.version" value="17.0.8.1+1-Ubuntu-0ubuntu122.04"/>
    <property name="sun.io.unicode.encoding" value="UnicodeLittle"/>
    <property name="java.class.version" value="61.0"/>
  </properties>
  <testcase name="testListarVacinasAplicadasFabricante" classname="com.registro.vacinacao.VacinaControllerTest" time="0.177"/>
  <testcase name="testeListarTotalVacinasAplicadasComParametrosInvalidos" classname="com.registro.vacinacao.VacinaControllerTest" time="0.026"/>
  <testcase name="testeListarTotalVacinasAplicadasComEstado" classname="com.registro.vacinacao.VacinaControllerTest" time="0.01"/>
</testsuite>